<?xml version="1.0" encoding="UTF-8"?>
<testng-results ignored="0" total="1" passed="1" failed="0" skipped="0">
  <reporter-output>
  </reporter-output>
  <suite started-at="2024-07-06T13:41:15 IST" name="Default suite" finished-at="2024-07-06T13:41:58 IST" duration-ms="43139">
    <groups>
      <group name="group1">
        <method signature="Execution.run(java.lang.String)[pri:0, instance:com.testcases.Execution@3ce1e309]" name="run" class="com.testcases.Execution"/>
      </group> <!-- group1 -->
    </groups>
    <test started-at="2024-07-06T13:41:15 IST" name="Default test" finished-at="2024-07-06T13:41:58 IST" duration-ms="43139">
      <class name="com.testcases.Execution">
        <test-method is-config="true" signature="LaunchApplication()[pri:0, instance:com.testcases.Execution@3ce1e309]" started-at="2024-07-06T13:41:15 IST" name="LaunchApplication" finished-at="2024-07-06T13:41:34 IST" duration-ms="18977" status="PASS">
          <reporter-output>
          </reporter-output>
        </test-method> <!-- LaunchApplication -->
        <test-method signature="run(java.lang.String)[pri:0, instance:com.testcases.Execution@3ce1e309]" started-at="2024-07-06T13:41:34 IST" name="run" data-provider="jsondata" finished-at="2024-07-06T13:41:55 IST" duration-ms="21411" status="PASS">
          <params>
            <param index="0">
              <value is-null="true"/>
            </param>
          </params>
          <reporter-output>
          </reporter-output>
        </test-method> <!-- run -->
        <test-method is-config="true" signature="closeApplication()[pri:0, instance:com.testcases.Execution@3ce1e309]" started-at="2024-07-06T13:41:58 IST" name="closeApplication" finished-at="2024-07-06T13:41:58 IST" duration-ms="98" status="PASS">
          <reporter-output>
          </reporter-output>
        </test-method> <!-- closeApplication -->
      </class> <!-- com.testcases.Execution -->
    </test> <!-- Default test -->
  </suite> <!-- Default suite -->
</testng-results>
